DEPRECATION WARNING: [paperclip] [deprecation] AWS SDK v1 has been deprecated in paperclip 5. Please consider upgrading to AWS 2 before upgrading paperclip. (called from <class:User> at /home/ubuntu/workspace/app/models/user.rb:11)
DEPRECATION WARNING: [paperclip] [deprecation] AWS SDK v1 has been deprecated in paperclip 5. Please consider upgrading to AWS 2 before upgrading paperclip. (called from <class:User> at /home/ubuntu/workspace/app/models/user.rb:12)


Started GET "/assets/animations.self-35095781476aa1d48a0dbf23e62517c56819ae3dcdb9e28e236308a75eee7bb5.css?body=1" for 94.187.48.73 at 2016-11-13 00:50:27 +0000


Started GET "/assets/post.self-359025435fa5509a429b82d4c8876b4ed75e093effd1676bc5f697bbf0acedb0.css?body=1" for 94.187.48.73 at 2016-11-13 00:50:28 +0000


Started GET "/assets/log_in.self-fa1dd5ab2a1bbd65c246934f9fb2ae223c51c56374b3d277ea6e79f08284cdc5.css?body=1" for 94.187.48.73 at 2016-11-13 00:50:28 +0000


Started GET "/assets/profile.self-4b8fe3a75c74ea31ba5a010354629240ab9c6cbd3ffdfe68b6d471dcfa1c24d9.css?body=1" for 94.187.48.73 at 2016-11-13 00:50:28 +0000


Started GET "/assets/tabs.self-cb67ae010829afb6d99fcacee841a187398490cc808133e298880d65098669ca.css?body=1" for 94.187.48.73 at 2016-11-13 00:50:28 +0000


Started GET "/assets/simplebar.self-19c7ea6f4db059c97ab90f80f500eb9349f8b8a0c63095950e5137c5f6ec07f3.css?body=1" for 94.187.48.73 at 2016-11-13 00:50:28 +0000


Started GET "/" for 94.187.48.73 at 2016-11-13 00:50:30 +0000
Processing by PagesController#index as HTML
  [1m[35mImpression Exists (17.4ms)[0m  SELECT  1 AS one FROM "impressions" WHERE "impressions"."session_hash" IS NULL LIMIT 1
  Rendered pages/index.html.erb within layouts/application (340.0ms)
  Rendered layouts/_nav_guest.html.erb (2.8ms)
  Rendered layouts/_nav.html.erb (11.1ms)
Completed 200 OK in 1859ms (Views: 1716.4ms | ActiveRecord: 17.4ms)


Started GET "/assets/upvote-3.png" for 94.187.48.73 at 2016-11-13 00:50:32 +0000
DEPRECATION WARNING: [paperclip] [deprecation] AWS SDK v1 has been deprecated in paperclip 5. Please consider upgrading to AWS 2 before upgrading paperclip. (called from <class:User> at /home/ubuntu/workspace/app/models/user.rb:11)
DEPRECATION WARNING: [paperclip] [deprecation] AWS SDK v1 has been deprecated in paperclip 5. Please consider upgrading to AWS 2 before upgrading paperclip. (called from <class:User> at /home/ubuntu/workspace/app/models/user.rb:12)


Started GET "/recent" for 94.187.88.37 at 2016-11-13 10:06:35 +0000
  [1m[36mActiveRecord::SchemaMigration Load (0.2ms)[0m  [1mSELECT "schema_migrations".* FROM "schema_migrations"[0m
Processing by PagesController#recent as HTML
DEPRECATION WARNING: [paperclip] [deprecation] AWS SDK v1 has been deprecated in paperclip 5. Please consider upgrading to AWS 2 before upgrading paperclip. (called from <class:Post> at /home/ubuntu/workspace/app/models/post.rb:16)
DEPRECATION WARNING: [paperclip] [deprecation] AWS SDK v1 has been deprecated in paperclip 5. Please consider upgrading to AWS 2 before upgrading paperclip. (called from <class:Post> at /home/ubuntu/workspace/app/models/post.rb:32)
DEPRECATION WARNING: [paperclip] [deprecation] AWS SDK v1 has been deprecated in paperclip 5. Please consider upgrading to AWS 2 before upgrading paperclip. (called from <class:Post> at /home/ubuntu/workspace/app/models/post.rb:33)
  [1m[35mImpression Exists (0.3ms)[0m  SELECT  1 AS one FROM "impressions" WHERE "impressions"."session_hash" = ? LIMIT 1  [["session_hash", "94564ecebe4357fd2e091121438849fc"]]
  Rendered layouts/_activities.html.erb (2.5ms)
  [1m[36mActsAsTaggableOn::Tag Load (0.2ms)[0m  [1mSELECT  tags.*, taggings.tags_count AS count FROM "tags" JOIN (SELECT taggings.tag_id, COUNT(taggings.tag_id) AS tags_count FROM "taggings" INNER JOIN posts ON posts.id = taggings.taggable_id WHERE (taggings.taggable_type = 'Post' AND taggings.context = 'trends') AND (taggings.taggable_id IN(SELECT posts.id FROM "posts"  ORDER BY created_at DESC)) GROUP BY taggings.tag_id HAVING COUNT(taggings.tag_id) > 0) AS taggings ON taggings.tag_id = tags.id LIMIT 7[0m
  Rendered layouts/_who_to_follow.html.erb (0.7ms)
  [1m[35m (0.1ms)[0m  SELECT COUNT(*) FROM "posts" WHERE "posts"."hidden" IS NULL
  [1m[36mPost Load (0.2ms)[0m  [1mSELECT  "posts".* FROM "posts" WHERE "posts"."hidden" IS NULL  ORDER BY created_at DESC LIMIT 10 OFFSET 0[0m
  Rendered pages/recent.html.erb within layouts/application (105.3ms)
  Rendered layouts/_nav_guest.html.erb (0.7ms)
  Rendered layouts/_nav.html.erb (2.5ms)
Completed 200 OK in 966ms (Views: 853.0ms | ActiveRecord: 2.2ms)


Started GET "/assets/tabs.self-b4fc33d6c1305ce7a1a7cf04e4dece9386c276b1bdbe574ae7a5634633ab3e1a.js?body=1" for 94.187.88.37 at 2016-11-13 10:06:40 +0000


Started POST "/users/sign_in" for 94.187.88.37 at 2016-11-13 10:06:43 +0000
Processing by Devise::SessionsController#create as HTML
  Parameters: {"utf8"=>"✓", "authenticity_token"=>"+iJAMyV5LsAyo15GA9Wzal1ioopllWqN0sFSJAPYMgLT8LW3NXnCp+x1xkwSYjFTgcKSDGi58H7cg2nFT+wwoA==", "user"=>{"email"=>"user3@user3.user3", "password"=>"[FILTERED]", "remember_me"=>"0"}, "commit"=>"Log in"}
  [1m[35mUser Load (0.3ms)[0m  SELECT  "users".* FROM "users" WHERE "users"."email" = ?  ORDER BY "users"."id" ASC LIMIT 1  [["email", "user3@user3.user3"]]
  [1m[36m (0.1ms)[0m  [1mbegin transaction[0m
  [1m[35mSQL (0.4ms)[0m  UPDATE "users" SET "last_sign_in_at" = ?, "current_sign_in_at" = ?, "current_sign_in_ip" = ?, "sign_in_count" = ?, "updated_at" = ? WHERE "users"."id" = ?  [["last_sign_in_at", "2016-11-12 16:11:22.738226"], ["current_sign_in_at", "2016-11-13 10:06:43.810926"], ["current_sign_in_ip", "94.187.88.37"], ["sign_in_count", 5], ["updated_at", "2016-11-13 10:06:43.812225"], ["id", 4]]
  [1m[36m (10.0ms)[0m  [1mcommit transaction[0m
Redirected to https://drolle-3-malekzalfana.c9users.io/recent
Completed 302 Found in 226ms (ActiveRecord: 10.8ms)


Started GET "/recent" for 94.187.88.37 at 2016-11-13 10:06:44 +0000
Processing by PagesController#recent as HTML
  [1m[35mUser Load (0.3ms)[0m  SELECT  "users".* FROM "users" WHERE "users"."id" = ?  ORDER BY "users"."id" ASC LIMIT 1  [["id", 4]]
  [1m[36mImpression Exists (0.3ms)[0m  [1mSELECT  1 AS one FROM "impressions" WHERE "impressions"."session_hash" = ? LIMIT 1[0m  [["session_hash", "fca8b221fb2bf531187568f32e5cfc31"]]
  [1m[35m (0.1ms)[0m  begin transaction
  [1m[36mSQL (0.6ms)[0m  [1mINSERT INTO "impressions" ("impressionable_type", "controller_name", "action_name", "user_id", "request_hash", "session_hash", "ip_address", "referrer", "created_at", "updated_at") VALUES (?, ?, ?, ?, ?, ?, ?, ?, ?, ?)[0m  [["impressionable_type", "Page"], ["controller_name", "pages"], ["action_name", "recent"], ["user_id", 4], ["request_hash", "e72087f81550e4c9aab4b337653fc95bbdb23c693b991d82ea353cf53a2a05b9"], ["session_hash", "fca8b221fb2bf531187568f32e5cfc31"], ["ip_address", "94.187.88.37"], ["referrer", "https://drolle-3-malekzalfana.c9users.io/recent"], ["created_at", "2016-11-13 10:06:44.057785"], ["updated_at", "2016-11-13 10:06:44.057785"]]
  [1m[35m (13.9ms)[0m  commit transaction
  [1m[36m (0.2ms)[0m  [1mSELECT COUNT(*) FROM "posts" WHERE "posts"."user_id" = ?[0m  [["user_id", 4]]
  [1m[35m (0.2ms)[0m  SELECT "users"."id" FROM "users" INNER JOIN "relationships" ON "users"."id" = "relationships"."followed_id" WHERE "relationships"."follower_id" = ?  [["follower_id", 4]]
  [1m[36mPublicActivity::Activity Load (0.2ms)[0m  [1mSELECT "activities".* FROM "activities" WHERE "activities"."recipient_type" = 'User' AND "activities"."recipient_id" = 4  ORDER BY created_at DESC[0m
  [1m[35mPublicActivity::Activity Load (0.2ms)[0m  SELECT "activities".* FROM "activities" WHERE "activities"."key" = ?  ORDER BY created_at DESC  [["key", "drolling"]]
  [1m[36mPublicActivity::Activity Load (0.2ms)[0m  [1mSELECT "activities".* FROM "activities" WHERE "activities"."key" = ? AND "activities"."owner_id" = 3 AND (created_at >= '2016-11-11 10:06:44.114232')  ORDER BY created_at DESC[0m  [["key", "posting"]]
  [1m[35mCACHE (0.0ms)[0m  SELECT COUNT(*) FROM "posts" WHERE "posts"."user_id" = ?  [["user_id", 4]]
  Rendered layouts/_activities.html.erb (0.0ms)
  [1m[36mActsAsTaggableOn::Tag Load (0.2ms)[0m  [1mSELECT  tags.*, taggings.tags_count AS count FROM "tags" JOIN (SELECT taggings.tag_id, COUNT(taggings.tag_id) AS tags_count FROM "taggings" INNER JOIN posts ON posts.id = taggings.taggable_id WHERE (taggings.taggable_type = 'Post' AND taggings.context = 'trends') AND (taggings.taggable_id IN(SELECT posts.id FROM "posts"  ORDER BY created_at DESC)) GROUP BY taggings.tag_id HAVING COUNT(taggings.tag_id) > 0) AS taggings ON taggings.tag_id = tags.id LIMIT 7[0m
  [1m[35mUser Load (0.3ms)[0m  SELECT  "users".* FROM "users" WHERE ("users"."id" NOT IN (SELECT "users"."id" FROM "users" INNER JOIN "relationships" ON "users"."id" = "relationships"."followed_id" WHERE "relationships"."follower_id" = ?)) LIMIT 4  [["follower_id", 4]]
  [1m[36mUser Exists (0.2ms)[0m  [1mSELECT  1 AS one FROM "users" INNER JOIN "relationships" ON "users"."id" = "relationships"."followed_id" WHERE "relationships"."follower_id" = ? AND "users"."id" = ? LIMIT 1[0m  [["follower_id", 4], ["id", 1]]
  [1m[35mUser Exists (0.1ms)[0m  SELECT  1 AS one FROM "users" INNER JOIN "relationships" ON "users"."id" = "relationships"."followed_id" WHERE "relationships"."follower_id" = ? AND "users"."id" = ? LIMIT 1  [["follower_id", 4], ["id", 2]]
  [1m[36mUser Exists (0.1ms)[0m  [1mSELECT  1 AS one FROM "users" INNER JOIN "relationships" ON "users"."id" = "relationships"."followed_id" WHERE "relationships"."follower_id" = ? AND "users"."id" = ? LIMIT 1[0m  [["follower_id", 4], ["id", 4]]
  Rendered layouts/_who_to_follow.html.erb (11.3ms)
  [1m[35m (0.1ms)[0m  SELECT COUNT(*) FROM "posts" WHERE "posts"."hidden" IS NULL
  [1m[36mPost Load (0.2ms)[0m  [1mSELECT  "posts".* FROM "posts" WHERE "posts"."hidden" IS NULL  ORDER BY created_at DESC LIMIT 10 OFFSET 0[0m
  Rendered pages/recent.html.erb within layouts/application (16.3ms)
  Rendered layouts/_nav_user.html.erb (0.7ms)
  Rendered layouts/_nav.html.erb (1.6ms)
Completed 200 OK in 202ms (Views: 130.0ms | ActiveRecord: 18.0ms)


Started GET "/assets/missing-2.jpg" for 94.187.88.37 at 2016-11-13 10:06:45 +0000


Started GET "/assets/missing.jpg" for 94.187.88.37 at 2016-11-13 10:06:45 +0000


Started GET "/recent" for 94.187.88.37 at 2016-11-13 10:06:55 +0000
Processing by PagesController#recent as HTML
  [1m[35mUser Load (0.1ms)[0m  SELECT  "users".* FROM "users" WHERE "users"."id" = ?  ORDER BY "users"."id" ASC LIMIT 1  [["id", 4]]
  [1m[36mImpression Exists (0.1ms)[0m  [1mSELECT  1 AS one FROM "impressions" WHERE "impressions"."session_hash" = ? LIMIT 1[0m  [["session_hash", "fca8b221fb2bf531187568f32e5cfc31"]]
  [1m[35m (0.1ms)[0m  SELECT COUNT(*) FROM "posts" WHERE "posts"."user_id" = ?  [["user_id", 4]]
  [1m[36m (0.1ms)[0m  [1mSELECT "users"."id" FROM "users" INNER JOIN "relationships" ON "users"."id" = "relationships"."followed_id" WHERE "relationships"."follower_id" = ?[0m  [["follower_id", 4]]
  [1m[35mPublicActivity::Activity Load (0.2ms)[0m  SELECT "activities".* FROM "activities" WHERE "activities"."recipient_type" = 'User' AND "activities"."recipient_id" = 4  ORDER BY created_at DESC
  [1m[36mPublicActivity::Activity Load (0.1ms)[0m  [1mSELECT "activities".* FROM "activities" WHERE "activities"."key" = ?  ORDER BY created_at DESC[0m  [["key", "drolling"]]
  [1m[35mPublicActivity::Activity Load (0.2ms)[0m  SELECT "activities".* FROM "activities" WHERE "activities"."key" = ? AND "activities"."owner_id" = 3 AND (created_at >= '2016-11-11 10:06:55.382627')  ORDER BY created_at DESC  [["key", "posting"]]
  [1m[36mCACHE (0.0ms)[0m  [1mSELECT COUNT(*) FROM "posts" WHERE "posts"."user_id" = ?[0m  [["user_id", 4]]
  Rendered layouts/_activities.html.erb (0.1ms)
  [1m[35mActsAsTaggableOn::Tag Load (0.3ms)[0m  SELECT  tags.*, taggings.tags_count AS count FROM "tags" JOIN (SELECT taggings.tag_id, COUNT(taggings.tag_id) AS tags_count FROM "taggings" INNER JOIN posts ON posts.id = taggings.taggable_id WHERE (taggings.taggable_type = 'Post' AND taggings.context = 'trends') AND (taggings.taggable_id IN(SELECT posts.id FROM "posts"  ORDER BY created_at DESC)) GROUP BY taggings.tag_id HAVING COUNT(taggings.tag_id) > 0) AS taggings ON taggings.tag_id = tags.id LIMIT 7
  [1m[36m (0.1ms)[0m  [1mSELECT COUNT(*) FROM "posts" WHERE "posts"."hidden" IS NULL[0m
  [1m[35mPost Load (0.2ms)[0m  SELECT  "posts".* FROM "posts" WHERE "posts"."hidden" IS NULL  ORDER BY created_at DESC LIMIT 10 OFFSET 0
  Rendered pages/recent.html.erb within layouts/application (175.8ms)
  Rendered layouts/_nav_user.html.erb (0.2ms)
  Rendered layouts/_nav.html.erb (1.0ms)
Completed 200 OK in 299ms (Views: 288.5ms | ActiveRecord: 1.6ms)


Started GET "/assets/missing.jpg" for 94.187.88.37 at 2016-11-13 10:06:56 +0000


Started GET "/recent" for 94.187.88.37 at 2016-11-13 10:11:14 +0000
Processing by PagesController#recent as HTML
  [1m[36mUser Load (0.1ms)[0m  [1mSELECT  "users".* FROM "users" WHERE "users"."id" = ?  ORDER BY "users"."id" ASC LIMIT 1[0m  [["id", 4]]
  [1m[35mImpression Exists (0.1ms)[0m  SELECT  1 AS one FROM "impressions" WHERE "impressions"."session_hash" = ? LIMIT 1  [["session_hash", "fca8b221fb2bf531187568f32e5cfc31"]]
  [1m[36m (0.1ms)[0m  [1mSELECT COUNT(*) FROM "posts" WHERE "posts"."user_id" = ?[0m  [["user_id", 4]]
  [1m[35m (0.1ms)[0m  SELECT "users"."id" FROM "users" INNER JOIN "relationships" ON "users"."id" = "relationships"."followed_id" WHERE "relationships"."follower_id" = ?  [["follower_id", 4]]
  [1m[36mPublicActivity::Activity Load (0.4ms)[0m  [1mSELECT "activities".* FROM "activities" WHERE "activities"."recipient_type" = 'User' AND "activities"."recipient_id" = 4  ORDER BY created_at DESC[0m
  [1m[35mPublicActivity::Activity Load (0.1ms)[0m  SELECT "activities".* FROM "activities" WHERE "activities"."key" = ?  ORDER BY created_at DESC  [["key", "drolling"]]
  [1m[36mPublicActivity::Activity Load (0.2ms)[0m  [1mSELECT "activities".* FROM "activities" WHERE "activities"."key" = ? AND "activities"."owner_id" = 3 AND (created_at >= '2016-11-11 10:11:14.098398')  ORDER BY created_at DESC[0m  [["key", "posting"]]
  [1m[35mCACHE (0.0ms)[0m  SELECT COUNT(*) FROM "posts" WHERE "posts"."user_id" = ?  [["user_id", 4]]
  Rendered layouts/_activities.html.erb (0.0ms)
  [1m[36mActsAsTaggableOn::Tag Load (0.3ms)[0m  [1mSELECT  tags.*, taggings.tags_count AS count FROM "tags" JOIN (SELECT taggings.tag_id, COUNT(taggings.tag_id) AS tags_count FROM "taggings" INNER JOIN posts ON posts.id = taggings.taggable_id WHERE (taggings.taggable_type = 'Post' AND taggings.context = 'trends') AND (taggings.taggable_id IN(SELECT posts.id FROM "posts"  ORDER BY created_at DESC)) GROUP BY taggings.tag_id HAVING COUNT(taggings.tag_id) > 0) AS taggings ON taggings.tag_id = tags.id LIMIT 7[0m
  [1m[35mUser Load (0.2ms)[0m  SELECT  "users".* FROM "users" WHERE ("users"."id" NOT IN (SELECT "users"."id" FROM "users" INNER JOIN "relationships" ON "users"."id" = "relationships"."followed_id" WHERE "relationships"."follower_id" = ?)) LIMIT 4  [["follower_id", 4]]
  [1m[36mUser Exists (0.1ms)[0m  [1mSELECT  1 AS one FROM "users" INNER JOIN "relationships" ON "users"."id" = "relationships"."followed_id" WHERE "relationships"."follower_id" = ? AND "users"."id" = ? LIMIT 1[0m  [["follower_id", 4], ["id", 1]]
  [1m[35mUser Exists (0.1ms)[0m  SELECT  1 AS one FROM "users" INNER JOIN "relationships" ON "users"."id" = "relationships"."followed_id" WHERE "relationships"."follower_id" = ? AND "users"."id" = ? LIMIT 1  [["follower_id", 4], ["id", 2]]
  [1m[36mUser Exists (0.1ms)[0m  [1mSELECT  1 AS one FROM "users" INNER JOIN "relationships" ON "users"."id" = "relationships"."followed_id" WHERE "relationships"."follower_id" = ? AND "users"."id" = ? LIMIT 1[0m  [["follower_id", 4], ["id", 4]]
  Rendered layouts/_who_to_follow.html.erb (7.0ms)
  [1m[35m (0.1ms)[0m  SELECT COUNT(*) FROM "posts" WHERE "posts"."hidden" IS NULL
  [1m[36mPost Load (0.3ms)[0m  [1mSELECT  "posts".* FROM "posts" WHERE "posts"."hidden" IS NULL  ORDER BY created_at DESC LIMIT 10 OFFSET 0[0m
  Rendered pages/recent.html.erb within layouts/application (18.7ms)
  Rendered layouts/_nav_user.html.erb (0.2ms)
  Rendered layouts/_nav.html.erb (0.9ms)
Completed 200 OK in 179ms (Views: 168.2ms | ActiveRecord: 2.2ms)


Started GET "/assets/missing.jpg" for 94.187.88.37 at 2016-11-13 10:11:16 +0000


Started GET "/assets/missing-2.jpg" for 94.187.88.37 at 2016-11-13 10:11:16 +0000
